Build started 1/9/2013 1:36:14 AM.
     1>Project "C:\Users\Gerard\Google Drive\visual studio 2012\Projects\Project1\Project1\Project1.vcxproj" on node 2 (Build target(s)).
     1>ClCompile:
         C:\Program Files (x86)\Microsoft Visual Studio 11.0\VC\bin\CL.exe /c /I"C:\Users\Gerard\Google Drive\C++\glut-3.7.6\h\GL" /I"C:\Users\Gerard\Google Drive\glew-1.9.0\include\GL" /Zi /nologo /W3 /WX- /Ox /Ot /Oy- /D _MBCS /D _MBCS /Gm /EHsc /MDd /GS /Qpar- /fp:fast /Zc:wchar_t /Zc:forScope /Fo"Debug\\" /Fd"Debug\vc110.pdb" /Gd /TP /analyze- /errorReport:prompt FBOTexturedQuad.cpp
         FBOTexturedQuad.cpp
       Link:
         C:\Program Files (x86)\Microsoft Visual Studio 11.0\VC\bin\link.exe /ERRORREPORT:PROMPT /OUT:"C:\Users\Gerard\Google Drive\visual studio 2012\Projects\Project1\Debug\Swarm.exe" /VERBOSE /INCREMENTAL /NOLOGO /LIBPATH:"C:\Users\Gerard\Google Drive\glew-1.9.0\lib" /LIBPATH:"C:\Users\Gerard\Google Drive\C++\glut-3.7.6\lib" glut32.lib glew32.lib kernel32.lib user32.lib gdi32.lib winspool.lib comdlg32.lib advapi32.lib shell32.lib ole32.lib oleaut32.lib uuid.lib odbc32.lib odbccp32.lib /MANIFEST /MANIFESTUAC:"level='asInvoker' uiAccess='false'" /manifest:embed /DEBUG /PDB:"C:\Users\Gerard\Google Drive\visual studio 2012\Projects\Project1\Debug\Swarm.pdb" /TLBID:1 /DYNAMICBASE /NXCOMPAT /IMPLIB:"C:\Users\Gerard\Google Drive\visual studio 2012\Projects\Project1\Debug\Swarm.lib" /MACHINE:X86 Debug\FBOTexturedQuad.obj
         Debug\Flies.obj
         Debug\Fly.obj
         Debug\GLFrameBuffer.obj
         Debug\GlutFunctions.obj
         Debug\Swarm.obj
         Debug\Shaders.obj
         Starting pass 2
              FBOTexturedQuad.obj
              MSVCRTD.lib(loadcfg.obj)
         Finished pass 2
         Project1.vcxproj -> C:\Users\Gerard\Google Drive\visual studio 2012\Projects\Project1\Debug\Swarm.exe
     1>Done Building Project "C:\Users\Gerard\Google Drive\visual studio 2012\Projects\Project1\Project1\Project1.vcxproj" (Build target(s)).

Build succeeded.

Time Elapsed 00:00:01.36
