Build started 1/11/2013 2:53:53 AM.
     1>Project "C:\Users\Gerard\Google Drive\visual studio 2012\Projects\Swarm\Swarm\Swarm.vcxproj" on node 2 (Build target(s)).
     1>ClCompile:
         C:\Program Files (x86)\Microsoft Visual Studio 11.0\VC\bin\CL.exe /c /ZI /nologo /W1 /WX- /Od /Ot /Oy- /Gm /EHsc /RTC1 /MDd /GS /fp:precise /Zc:wchar_t /Zc:forScope /Fo"Debug\\" /Fd"Debug\vc110.pdb" /Gd /TP /analyze- /errorReport:prompt FBOTexturedQuad.cpp GLFrameBuffer.cpp GlutFunctions.cpp Swarm.cpp
         FBOTexturedQuad.cpp
         Generating Code...
         Compiling...
         Swarm.cpp
         GlutFunctions.cpp
         GLFrameBuffer.cpp
         Generating Code...
       Link:
         C:\Program Files (x86)\Microsoft Visual Studio 11.0\VC\bin\link.exe /ERRORREPORT:PROMPT /OUT:"C:\Users\Gerard\Google Drive\visual studio 2012\Projects\Swarm\Swarm\Debug\Swarm.exe" /INCREMENTAL /NOLOGO glew32d.lib glut32.lib kernel32.lib user32.lib gdi32.lib winspool.lib comdlg32.lib advapi32.lib shell32.lib ole32.lib oleaut32.lib uuid.lib odbc32.lib odbccp32.lib /MANIFEST /MANIFESTUAC:"level='asInvoker' uiAccess='false'" /manifest:embed /PDB:"C:\Users\Gerard\Google Drive\visual studio 2012\Projects\Swarm\Swarm\Debug\Swarm.pdb" /TLBID:1 /DYNAMICBASE /NXCOMPAT /IMPLIB:"C:\Users\Gerard\Google Drive\visual studio 2012\Projects\Swarm\Swarm\Debug\Swarm.lib" /MACHINE:X86 Debug\FBOTexturedQuad.obj
         Debug\Flies.obj
         Debug\Fly.obj
         Debug\GLFrameBuffer.obj
         Debug\GLTexture.obj
         Debug\GlutFunctions.obj
         Debug\Shaders.obj
         Debug\Swarm.obj
         Swarm.vcxproj -> C:\Users\Gerard\Google Drive\visual studio 2012\Projects\Swarm\Swarm\Debug\Swarm.exe
     1>Done Building Project "C:\Users\Gerard\Google Drive\visual studio 2012\Projects\Swarm\Swarm\Swarm.vcxproj" (Build target(s)).

Build succeeded.

Time Elapsed 00:00:02.96
